2023-09-19 15:50:23,644 - mmdet - INFO - Environment info:
------------------------------------------------------------
sys.platform: linux
Python: 3.7.16 (default, Jan 17 2023, 22:20:44) [GCC 11.2.0]
CUDA available: True
GPU 0: NVIDIA A100-SXM4-80GB
CUDA_HOME: /n/app/cuda/11.7-gcc-9.2.0
NVCC: Cuda compilation tools, release 11.7, V11.7.99
GCC: gcc (GCC) 9.2.0
PyTorch: 1.11.0+cu113
PyTorch compiling details: PyTorch built with:
  - GCC 7.3
  - C++ Version: 201402
  - Intel(R) Math Kernel Library Version 2020.0.0 Product Build 20191122 for Intel(R) 64 architecture applications
  - Intel(R) MKL-DNN v2.5.2 (Git Hash a9302535553c73243c632ad3c4c80beec3d19a1e)
  - OpenMP 201511 (a.k.a. OpenMP 4.5)
  - LAPACK is enabled (usually provided by MKL)
  - NNPACK is enabled
  - CPU capability usage: AVX2
  - CUDA Runtime 11.3
  - NVCC architecture flags: -gencode;arch=compute_37,code=sm_37;-gencode;arch=compute_50,code=sm_50;-gencode;arch=compute_60,code=sm_60;-gencode;arch=compute_70,code=sm_70;-gencode;arch=compute_75,code=sm_75;-gencode;arch=compute_80,code=sm_80;-gencode;arch=compute_86,code=sm_86
  - CuDNN 8.2
  - Magma 2.5.2
  - Build settings: BLAS_INFO=mkl, BUILD_TYPE=Release, CUDA_VERSION=11.3, CUDNN_VERSION=8.2.0, CXX_COMPILER=/opt/rh/devtoolset-7/root/usr/bin/c++, CXX_FLAGS= -Wno-deprecated -fvisibility-inlines-hidden -DUSE_PTHREADPOOL -fopenmp -DNDEBUG -DUSE_KINETO -DUSE_FBGEMM -DUSE_QNNPACK -DUSE_PYTORCH_QNNPACK -DUSE_XNNPACK -DSYMBOLICATE_MOBILE_DEBUG_HANDLE -DEDGE_PROFILER_USE_KINETO -O2 -fPIC -Wno-narrowing -Wall -Wextra -Werror=return-type -Wno-missing-field-initializers -Wno-type-limits -Wno-array-bounds -Wno-unknown-pragmas -Wno-sign-compare -Wno-unused-parameter -Wno-unused-function -Wno-unused-result -Wno-unused-local-typedefs -Wno-strict-overflow -Wno-strict-aliasing -Wno-error=deprecated-declarations -Wno-stringop-overflow -Wno-psabi -Wno-error=pedantic -Wno-error=redundant-decls -Wno-error=old-style-cast -fdiagnostics-color=always -faligned-new -Wno-unused-but-set-variable -Wno-maybe-uninitialized -fno-math-errno -fno-trapping-math -Werror=format -Wno-stringop-overflow, LAPACK_INFO=mkl, PERF_WITH_AVX=1, PERF_WITH_AVX2=1, PERF_WITH_AVX512=1, TORCH_VERSION=1.11.0, USE_CUDA=ON, USE_CUDNN=ON, USE_EXCEPTION_PTR=1, USE_GFLAGS=OFF, USE_GLOG=OFF, USE_MKL=ON, USE_MKLDNN=OFF, USE_MPI=OFF, USE_NCCL=ON, USE_NNPACK=ON, USE_OPENMP=ON, USE_ROCM=OFF, 

TorchVision: 0.12.0+cu113
OpenCV: 4.5.1
MMCV: 1.5.0
MMCV Compiler: GCC 7.3
MMCV CUDA Compiler: 11.3
MMDetection: 2.28.1+d485e00
------------------------------------------------------------

2023-09-19 15:50:24,665 - mmdet - INFO - Distributed training: False
2023-09-19 15:50:25,522 - mmdet - INFO - Config:
NUM_CLASSES = 3
model = dict(
    type='CascadeRCNN',
    backbone=dict(
        type='CustomInternImageCLS',
        core_op='DCNv3',
        channels=64,
        depths=[4, 4, 18, 4],
        groups=[4, 8, 16, 32],
        mlp_ratio=4.0,
        drop_path_rate=0.2,
        norm_layer='LN',
        layer_scale=1.0,
        offset_scale=1.0,
        post_norm=False,
        with_cp=False,
        out_indices=(0, 1, 2, 3, 4),
        init_cfg=dict(
            type='Pretrained',
            checkpoint=
            '/home/cat302/ETT-Project/InternImage/detection/modified_pretrained.pth'
        )),
    neck=dict(
        type='FPN',
        in_channels=[64, 128, 256, 512, 1024],
        out_channels=256,
        num_outs=5),
    rpn_head=dict(
        type='RPNHead',
        in_channels=256,
        feat_channels=256,
        anchor_generator=dict(
            type='AnchorGenerator',
            scales=[8],
            ratios=[0.5, 1.0, 2.0],
            strides=[4, 8, 16, 32, 64]),
        bbox_coder=dict(
            type='DeltaXYWHBBoxCoder',
            target_means=[0.0, 0.0, 0.0, 0.0],
            target_stds=[1.0, 1.0, 1.0, 1.0]),
        loss_cls=dict(
            type='CrossEntropyLoss', use_sigmoid=True, loss_weight=1.0),
        loss_bbox=dict(
            type='SmoothL1Loss', beta=0.1111111111111111, loss_weight=1.0)),
    roi_head=dict(
        type='CascadeRoIHead',
        num_stages=3,
        stage_loss_weights=[1, 0.5, 0.25],
        bbox_roi_extractor=dict(
            type='SingleRoIExtractor',
            roi_layer=dict(type='RoIAlign', output_size=7, sampling_ratio=0),
            out_channels=256,
            featmap_strides=[4, 8, 16, 32]),
        bbox_head=[
            dict(
                type='Shared2FCBBoxHead',
                in_channels=256,
                fc_out_channels=1024,
                roi_feat_size=7,
                num_classes=3,
                bbox_coder=dict(
                    type='DeltaXYWHBBoxCoder',
                    target_means=[0.0, 0.0, 0.0, 0.0],
                    target_stds=[0.1, 0.1, 0.2, 0.2]),
                reg_class_agnostic=True,
                loss_cls=dict(
                    type='CrossEntropyLoss',
                    use_sigmoid=False,
                    loss_weight=1.0),
                loss_bbox=dict(type='SmoothL1Loss', beta=1.0,
                               loss_weight=1.0)),
            dict(
                type='Shared2FCBBoxHead',
                in_channels=256,
                fc_out_channels=1024,
                roi_feat_size=7,
                num_classes=3,
                bbox_coder=dict(
                    type='DeltaXYWHBBoxCoder',
                    target_means=[0.0, 0.0, 0.0, 0.0],
                    target_stds=[0.05, 0.05, 0.1, 0.1]),
                reg_class_agnostic=True,
                loss_cls=dict(
                    type='CrossEntropyLoss',
                    use_sigmoid=False,
                    loss_weight=1.0),
                loss_bbox=dict(type='SmoothL1Loss', beta=1.0,
                               loss_weight=1.0)),
            dict(
                type='Shared2FCBBoxHead',
                in_channels=256,
                fc_out_channels=1024,
                roi_feat_size=7,
                num_classes=3,
                bbox_coder=dict(
                    type='DeltaXYWHBBoxCoder',
                    target_means=[0.0, 0.0, 0.0, 0.0],
                    target_stds=[0.033, 0.033, 0.067, 0.067]),
                reg_class_agnostic=True,
                loss_cls=dict(
                    type='CrossEntropyLoss',
                    use_sigmoid=False,
                    loss_weight=1.0),
                loss_bbox=dict(type='SmoothL1Loss', beta=1.0, loss_weight=1.0))
        ]),
    train_cfg=dict(
        rpn=dict(
            assigner=dict(
                type='MaxIoUAssigner',
                pos_iou_thr=0.7,
                neg_iou_thr=0.3,
                min_pos_iou=0.3,
                match_low_quality=True,
                ignore_iof_thr=-1),
            sampler=dict(
                type='RandomSampler',
                num=256,
                pos_fraction=0.5,
                neg_pos_ub=-1,
                add_gt_as_proposals=False),
            allowed_border=0,
            pos_weight=-1,
            debug=False),
        rpn_proposal=dict(
            nms_pre=2000,
            max_per_img=2000,
            nms=dict(type='nms', iou_threshold=0.7),
            min_bbox_size=0),
        rcnn=[
            dict(
                assigner=dict(
                    type='MaxIoUAssigner',
                    pos_iou_thr=0.5,
                    neg_iou_thr=0.5,
                    min_pos_iou=0.5,
                    match_low_quality=False,
                    ignore_iof_thr=-1),
                sampler=dict(
                    type='RandomSampler',
                    num=512,
                    pos_fraction=0.25,
                    neg_pos_ub=-1,
                    add_gt_as_proposals=True),
                pos_weight=-1,
                debug=False),
            dict(
                assigner=dict(
                    type='MaxIoUAssigner',
                    pos_iou_thr=0.6,
                    neg_iou_thr=0.6,
                    min_pos_iou=0.6,
                    match_low_quality=False,
                    ignore_iof_thr=-1),
                sampler=dict(
                    type='RandomSampler',
                    num=512,
                    pos_fraction=0.25,
                    neg_pos_ub=-1,
                    add_gt_as_proposals=True),
                pos_weight=-1,
                debug=False),
            dict(
                assigner=dict(
                    type='MaxIoUAssigner',
                    pos_iou_thr=0.7,
                    neg_iou_thr=0.7,
                    min_pos_iou=0.7,
                    match_low_quality=False,
                    ignore_iof_thr=-1),
                sampler=dict(
                    type='RandomSampler',
                    num=512,
                    pos_fraction=0.25,
                    neg_pos_ub=-1,
                    add_gt_as_proposals=True),
                pos_weight=-1,
                debug=False)
        ]),
    test_cfg=dict(
        rpn=dict(
            nms_pre=1000,
            max_per_img=1000,
            nms=dict(type='nms', iou_threshold=0.7),
            min_bbox_size=0),
        rcnn=dict(
            score_thr=0,
            nms=dict(type='nms', iou_threshold=0.5),
            max_per_img=100)))
dataset_type = 'ETTDataset'
classes = ('carina', 'tip', 'clavicles')
data_root = '/n/data1/hms/dbmi/rajpurkar/lab/ett/all_data_split/'
img_norm_cfg = dict(
    mean=[126.55846604, 126.55846604, 126.55846604],
    std=[55.47551373, 55.47551373, 55.47551373],
    to_rgb=True)
train_pipeline = [
    dict(type='LoadImageFromFile'),
    dict(type='LoadAnnotations', with_bbox=True, with_mask=False),
    dict(type='Resize', img_scale=(1280, 1280), keep_ratio=True),
    dict(type='RandomFlip', flip_ratio=0.2),
    dict(
        type='Normalize',
        mean=[126.55846604, 126.55846604, 126.55846604],
        std=[55.47551373, 55.47551373, 55.47551373],
        to_rgb=True),
    dict(type='Pad', size_divisor=32),
    dict(type='DefaultFormatBundle'),
    dict(type='Collect', keys=['img', 'gt_bboxes', 'gt_labels'])
]
test_pipeline = [
    dict(type='LoadImageFromFile'),
    dict(
        type='MultiScaleFlipAug',
        img_scale=(1280, 1280),
        flip=False,
        transforms=[
            dict(type='Resize', keep_ratio=True),
            dict(type='RandomFlip'),
            dict(
                type='Normalize',
                mean=[126.55846604, 126.55846604, 126.55846604],
                std=[55.47551373, 55.47551373, 55.47551373],
                to_rgb=True),
            dict(type='Pad', size_divisor=32),
            dict(type='ImageToTensor', keys=['img']),
            dict(type='Collect', keys=['img'])
        ])
]
data = dict(
    samples_per_gpu=2,
    workers_per_gpu=2,
    train=dict(
        type='ETTDataset',
        classes=('carina', 'tip', 'clavicles'),
        ann_file=
        '/n/data1/hms/dbmi/rajpurkar/lab/ett/all_data_split/annotations/train_annotations_enl5.json',
        img_prefix=
        '/n/data1/hms/dbmi/rajpurkar/lab/ett/all_data_split/images/train',
        pipeline=[
            dict(type='LoadImageFromFile'),
            dict(type='LoadAnnotations', with_bbox=True, with_mask=False),
            dict(type='Resize', img_scale=(1280, 1280), keep_ratio=True),
            dict(type='RandomFlip', flip_ratio=0.2),
            dict(
                type='Normalize',
                mean=[126.55846604, 126.55846604, 126.55846604],
                std=[55.47551373, 55.47551373, 55.47551373],
                to_rgb=True),
            dict(type='Pad', size_divisor=32),
            dict(type='DefaultFormatBundle'),
            dict(type='Collect', keys=['img', 'gt_bboxes', 'gt_labels'])
        ]),
    val=dict(
        type='ETTDataset',
        classes=('carina', 'tip', 'clavicles'),
        ann_file=
        '/n/data1/hms/dbmi/rajpurkar/lab/ett/all_data_split/annotations/val_annotations_enl5.json',
        img_prefix=
        '/n/data1/hms/dbmi/rajpurkar/lab/ett/all_data_split/images/val',
        pipeline=[
            dict(type='LoadImageFromFile'),
            dict(
                type='MultiScaleFlipAug',
                img_scale=(1280, 1280),
                flip=False,
                transforms=[
                    dict(type='Resize', keep_ratio=True),
                    dict(type='RandomFlip'),
                    dict(
                        type='Normalize',
                        mean=[126.55846604, 126.55846604, 126.55846604],
                        std=[55.47551373, 55.47551373, 55.47551373],
                        to_rgb=True),
                    dict(type='Pad', size_divisor=32),
                    dict(type='ImageToTensor', keys=['img']),
                    dict(type='Collect', keys=['img'])
                ])
        ]),
    test=dict(
        type='ETTDataset',
        classes=('carina', 'tip', 'clavicles'),
        ann_file=
        '/n/data1/hms/dbmi/rajpurkar/lab/ett/all_data_split/../hospital_downsized/Newark_Beth_Israel_Medical_Center/annotations/annotations.json',
        img_prefix=
        '/n/data1/hms/dbmi/rajpurkar/lab/ett/all_data_split/../hospital_downsized/Newark_Beth_Israel_Medical_Center/images',
        pipeline=[
            dict(type='LoadImageFromFile'),
            dict(
                type='MultiScaleFlipAug',
                img_scale=(1280, 1280),
                flip=False,
                transforms=[
                    dict(type='Resize', keep_ratio=True),
                    dict(type='RandomFlip'),
                    dict(
                        type='Normalize',
                        mean=[126.55846604, 126.55846604, 126.55846604],
                        std=[55.47551373, 55.47551373, 55.47551373],
                        to_rgb=True),
                    dict(type='Pad', size_divisor=32),
                    dict(type='ImageToTensor', keys=['img']),
                    dict(type='Collect', keys=['img'])
                ])
        ]))
evaluation = dict(
    metric=['bbox'],
    iou_thrs=[0],
    classwise=True,
    save_best='auto',
    interval=1,
    dynamic_intervals=[(17, 1)])
optimizer = dict(
    type='AdamW',
    weight_decay=0.02,
    lr=0.0001,
    constructor='CustomLayerDecayOptimizerConstructor',
    paramwise_cfg=dict(
        num_layers=30, layer_decay_rate=1.0, depths=[4, 4, 18, 4]))
optimizer_config = dict(grad_clip=None)
lr_config = dict(
    policy='step',
    warmup='linear',
    warmup_iters=500,
    warmup_ratio=0.001,
    step=[1, 3, 5, 8, 11, 13, 15, 17, 19],
    gamma=0.1)
runner = dict(type='EpochBasedRunner', max_epochs=20)
checkpoint_config = dict(interval=1, max_keep_ckpts=1, save_last=True)
log_config = dict(interval=50, hooks=[dict(type='TextLoggerHook')])
custom_hooks = [dict(type='NumClassCheckHook')]
dist_params = dict(backend='nccl')
log_level = 'INFO'
load_from = None
resume_from = None
workflow = [('train', 1)]
pretrained = '/home/cat302/ETT-Project/InternImage/detection/modified_pretrained.pth'
max_epochs = 20
num_last_epochs = 3
work_dir = './temp'
auto_resume = False
gpu_ids = [0]

2023-09-19 15:50:25,531 - mmdet - INFO - Set random seed to 1687321482, deterministic: False
2023-09-19 15:50:25,532 - mmdet - INFO - using core type: DCNv3
2023-09-19 15:50:25,532 - mmdet - INFO - using activation layer: GELU
2023-09-19 15:50:25,533 - mmdet - INFO - using main norm layer: LN
2023-09-19 15:50:25,533 - mmdet - INFO - using dpr: linear, 0.2
2023-09-19 15:50:25,533 - mmdet - INFO - level2_post_norm: False
2023-09-19 15:50:25,534 - mmdet - INFO - level2_post_norm_block_ids: None
2023-09-19 15:50:25,534 - mmdet - INFO - res_post_norm: False
2023-09-19 15:50:33,672 - mmdet - INFO - load checkpoint from local path: /home/cat302/ETT-Project/InternImage/detection/modified_pretrained.pth
